<?xml version="1.0" encoding="UTF-8"?>
<!-- Generated by org.testng.reporters.JUnitReportReporter -->
<testsuite hostname="SVS-PC" name="GitHubTest.GitHubTest" tests="1" failures="0" timestamp="2 Jun 2019 06:38:13 GMT" time="11.218" errors="0">
  <testcase name="loginTest" time="11.218" classname="GitHubTest.GitHubTest"/>
</testsuite> <!-- GitHubTest.GitHubTest -->
